# JRE version: Java(TM) SE Runtime Environment (16.0.2+7) (build 16.0.2+7-67)
# Java VM: Java HotSpot(TM) 64-Bit Server VM (16.0.2+7-67, mixed mode, sharing, tiered, compressed oops, compressed class ptrs, g1 gc, bsd-amd64)
GC Precious Log:
 CPUs: 8 total, 8 available
 Memory: 16384M
 Large Page Support: Disabled
 NUMA Support: Disabled
 Compressed Oops: Enabled (Zero based)
 Heap Region Size: 2M
 Heap Min Capacity: 8M
 Heap Initial Capacity: 256M
 Heap Max Capacity: 4G
 Pre-touch: Disabled
 Parallel Workers: 8
 Concurrent Workers: 2
 Concurrent Refinement Workers: 8
 Periodic GC: Disabled
Heap:
 garbage-first heap   total 159744K, used 126310K [0x0000000700000000, 0x0000000800000000)
  region size 2048K, 38 young (77824K), 3 survivors (6144K)
 Metaspace       used 72462K, committed 73152K, reserved 1114112K
  class space    used 8145K, committed 8512K, reserved 1048576K
GC Heap History (20 events):
Event: 30.804 GC heap before
{Heap before GC invocations=30 (full 0):
 garbage-first heap   total 133120K, used 105749K [0x0000000700000000, 0x0000000800000000)
  region size 2048K, 31 young (63488K), 3 survivors (6144K)
 Metaspace       used 68852K, committed 69504K, reserved 1114112K
  class space    used 7914K, committed 8256K, reserved 1048576K
}
Event: 30.815 GC heap after
{Heap after GC invocations=31 (full 0):
 garbage-first heap   total 159744K, used 52876K [0x0000000700000000, 0x0000000800000000)
  region size 2048K, 4 young (8192K), 4 survivors (8192K)
 Metaspace       used 68852K, committed 69504K, reserved 1114112K
  class space    used 7914K, committed 8256K, reserved 1048576K
}
Event: 31.715 GC heap before
{Heap before GC invocations=31 (full 0):
 garbage-first heap   total 159744K, used 128652K [0x0000000700000000, 0x0000000800000000)
  region size 2048K, 42 young (86016K), 4 survivors (8192K)
 Metaspace       used 69981K, committed 70656K, reserved 1114112K
  class space    used 8021K, committed 8384K, reserved 1048576K
}
Event: 31.722 GC heap after
{Heap after GC invocations=32 (full 0):
 garbage-first heap   total 159744K, used 53725K [0x0000000700000000, 0x0000000800000000)
  region size 2048K, 4 young (8192K), 4 survivors (8192K)
 Metaspace       used 69981K, committed 70656K, reserved 1114112K
  class space    used 8021K, committed 8384K, reserved 1048576K
}
Event: 31.848 GC heap before
{Heap before GC invocations=32 (full 0):
 garbage-first heap   total 159744K, used 129501K [0x0000000700000000, 0x0000000800000000)
  region size 2048K, 41 young (83968K), 4 survivors (8192K)
 Metaspace       used 70012K, committed 70720K, reserved 1114112K
  class space    used 8021K, committed 8384K, reserved 1048576K
}
Event: 31.854 GC heap after
{Heap after GC invocations=33 (full 0):
 garbage-first heap   total 159744K, used 54162K [0x0000000700000000, 0x0000000800000000)
  region size 2048K, 4 young (8192K), 4 survivors (8192K)
 Metaspace       used 70012K, committed 70720K, reserved 1114112K
  class space    used 8021K, committed 8384K, reserved 1048576K
}
Event: 168.549 GC heap before
{Heap before GC invocations=33 (full 0):
 garbage-first heap   total 159744K, used 127890K [0x0000000700000000, 0x0000000800000000)
  region size 2048K, 41 young (83968K), 4 survivors (8192K)
 Metaspace       used 70745K, committed 71424K, reserved 1114112K
  class space    used 8064K, committed 8448K, reserved 1048576K
}
Event: 168.568 GC heap after
{Heap after GC invocations=34 (full 0):
 garbage-first heap   total 159744K, used 54159K [0x0000000700000000, 0x0000000800000000)
  region size 2048K, 4 young (8192K), 4 survivors (8192K)
 Metaspace       used 70745K, committed 71424K, reserved 1114112K
  class space    used 8064K, committed 8448K, reserved 1048576K
}
Event: 168.734 GC heap before
{Heap before GC invocations=34 (full 0):
 garbage-first heap   total 159744K, used 129935K [0x0000000700000000, 0x0000000800000000)
  region size 2048K, 41 young (83968K), 4 survivors (8192K)
 Metaspace       used 70787K, committed 71488K, reserved 1114112K
  class space    used 8071K, committed 8448K, reserved 1048576K
}
Event: 168.740 GC heap after
{Heap after GC invocations=35 (full 0):
 garbage-first heap   total 159744K, used 54174K [0x0000000700000000, 0x0000000800000000)
  region size 2048K, 4 young (8192K), 4 survivors (8192K)
 Metaspace       used 70787K, committed 71488K, reserved 1114112K
  class space    used 8071K, committed 8448K, reserved 1048576K
}
Event: 1779.180 GC heap before
{Heap before GC invocations=35 (full 0):
 garbage-first heap   total 159744K, used 129950K [0x0000000700000000, 0x0000000800000000)
  region size 2048K, 41 young (83968K), 4 survivors (8192K)
 Metaspace       used 71171K, committed 71808K, reserved 1114112K
  class space    used 8078K, committed 8448K, reserved 1048576K
}
Event: 1779.216 GC heap after
{Heap after GC invocations=36 (full 0):
 garbage-first heap   total 159744K, used 54331K [0x0000000700000000, 0x0000000800000000)
  region size 2048K, 4 young (8192K), 4 survivors (8192K)
 Metaspace       used 71171K, committed 71808K, reserved 1114112K
  class space    used 8078K, committed 8448K, reserved 1048576K
}
Event: 1779.404 GC heap before
{Heap before GC invocations=36 (full 0):
 garbage-first heap   total 159744K, used 130107K [0x0000000700000000, 0x0000000800000000)
  region size 2048K, 41 young (83968K), 4 survivors (8192K)
 Metaspace       used 71183K, committed 71872K, reserved 1114112K
  class space    used 8078K, committed 8448K, reserved 1048576K
}
Event: 1779.411 GC heap after
{Heap after GC invocations=37 (full 0):
 garbage-first heap   total 159744K, used 54355K [0x0000000700000000, 0x0000000800000000)
  region size 2048K, 4 young (8192K), 4 survivors (8192K)
 Metaspace       used 71183K, committed 71872K, reserved 1114112K
  class space    used 8078K, committed 8448K, reserved 1048576K
}
Event: 2426.033 GC heap before
{Heap before GC invocations=37 (full 0):
 garbage-first heap   total 159744K, used 130131K [0x0000000700000000, 0x0000000800000000)
  region size 2048K, 41 young (83968K), 4 survivors (8192K)
 Metaspace       used 71544K, committed 72256K, reserved 1114112K
  class space    used 8110K, committed 8512K, reserved 1048576K
}
Event: 2426.048 GC heap after
{Heap after GC invocations=38 (full 0):
 garbage-first heap   total 159744K, used 55190K [0x0000000700000000, 0x0000000800000000)
  region size 2048K, 4 young (8192K), 4 survivors (8192K)
 Metaspace       used 71544K, committed 72256K, reserved 1114112K
  class space    used 8110K, committed 8512K, reserved 1048576K
}
Event: 2736.729 GC heap before
{Heap before GC invocations=38 (full 0):
 garbage-first heap   total 159744K, used 128918K [0x0000000700000000, 0x0000000800000000)
  region size 2048K, 41 young (83968K), 4 survivors (8192K)
 Metaspace       used 72406K, committed 73088K, reserved 1114112K
  class space    used 8144K, committed 8512K, reserved 1048576K
}
Event: 2736.775 GC heap after
{Heap after GC invocations=39 (full 0):
 garbage-first heap   total 159744K, used 56539K [0x0000000700000000, 0x0000000800000000)
  region size 2048K, 4 young (8192K), 4 survivors (8192K)
 Metaspace       used 72406K, committed 73088K, reserved 1114112K
  class space    used 8144K, committed 8512K, reserved 1048576K
}
Event: 2736.933 GC heap before
{Heap before GC invocations=39 (full 0):
 garbage-first heap   total 159744K, used 128219K [0x0000000700000000, 0x0000000800000000)
  region size 2048K, 40 young (81920K), 4 survivors (8192K)
 Metaspace       used 72414K, committed 73152K, reserved 1114112K
  class space    used 8144K, committed 8512K, reserved 1048576K
}
Event: 2736.938 GC heap after
{Heap after GC invocations=40 (full 0):
 garbage-first heap   total 159744K, used 56678K [0x0000000700000000, 0x0000000800000000)
  region size 2048K, 3 young (6144K), 3 survivors (6144K)
 Metaspace       used 72414K, committed 73152K, reserved 1114112K
  class space    used 8144K, committed 8512K, reserved 1048576K
}

