# JRE version: Java(TM) SE Runtime Environment (16.0.2+7) (build 16.0.2+7-67)
# Java VM: Java HotSpot(TM) 64-Bit Server VM (16.0.2+7-67, mixed mode, sharing, tiered, compressed oops, compressed class ptrs, g1 gc, bsd-amd64)
GC Precious Log:
 CPUs: 8 total, 8 available
 Memory: 16384M
 Large Page Support: Disabled
 NUMA Support: Disabled
 Compressed Oops: Enabled (Zero based)
 Heap Region Size: 2M
 Heap Min Capacity: 8M
 Heap Initial Capacity: 256M
 Heap Max Capacity: 4G
 Pre-touch: Disabled
 Parallel Workers: 8
 Concurrent Workers: 2
 Concurrent Refinement Workers: 8
 Periodic GC: Disabled
Heap:
 garbage-first heap   total 215040K, used 99803K [0x0000000700000000, 0x0000000800000000)
  region size 2048K, 19 young (38912K), 1 survivors (2048K)
 Metaspace       used 82992K, committed 84096K, reserved 1130496K
  class space    used 9065K, committed 9664K, reserved 1048576K
GC Heap History (20 events):
Event: 6122.446 GC heap before
{Heap before GC invocations=84 (full 0):
 garbage-first heap   total 215040K, used 184907K [0x0000000700000000, 0x0000000800000000)
  region size 2048K, 59 young (120832K), 1 survivors (2048K)
 Metaspace       used 82105K, committed 83200K, reserved 1122304K
  class space    used 9013K, committed 9600K, reserved 1048576K
}
Event: 6122.449 GC heap after
{Heap after GC invocations=85 (full 0):
 garbage-first heap   total 215040K, used 66073K [0x0000000700000000, 0x0000000800000000)
  region size 2048K, 1 young (2048K), 1 survivors (2048K)
 Metaspace       used 82105K, committed 83200K, reserved 1122304K
  class space    used 9013K, committed 9600K, reserved 1048576K
}
Event: 6160.036 GC heap before
{Heap before GC invocations=85 (full 0):
 garbage-first heap   total 215040K, used 184857K [0x0000000700000000, 0x0000000800000000)
  region size 2048K, 59 young (120832K), 1 survivors (2048K)
 Metaspace       used 82226K, committed 83328K, reserved 1130496K
  class space    used 9023K, committed 9600K, reserved 1048576K
}
Event: 6160.042 GC heap after
{Heap after GC invocations=86 (full 0):
 garbage-first heap   total 215040K, used 66162K [0x0000000700000000, 0x0000000800000000)
  region size 2048K, 1 young (2048K), 1 survivors (2048K)
 Metaspace       used 82226K, committed 83328K, reserved 1130496K
  class space    used 9023K, committed 9600K, reserved 1048576K
}
Event: 6172.769 GC heap before
{Heap before GC invocations=86 (full 0):
 garbage-first heap   total 215040K, used 182898K [0x0000000700000000, 0x0000000800000000)
  region size 2048K, 59 young (120832K), 1 survivors (2048K)
 Metaspace       used 82311K, committed 83456K, reserved 1130496K
  class space    used 9032K, committed 9664K, reserved 1048576K
}
Event: 6172.774 GC heap after
{Heap after GC invocations=87 (full 0):
 garbage-first heap   total 215040K, used 66196K [0x0000000700000000, 0x0000000800000000)
  region size 2048K, 1 young (2048K), 1 survivors (2048K)
 Metaspace       used 82311K, committed 83456K, reserved 1130496K
  class space    used 9032K, committed 9664K, reserved 1048576K
}
Event: 6173.715 GC heap before
{Heap before GC invocations=87 (full 0):
 garbage-first heap   total 215040K, used 182932K [0x0000000700000000, 0x0000000800000000)
  region size 2048K, 59 young (120832K), 1 survivors (2048K)
 Metaspace       used 82328K, committed 83456K, reserved 1130496K
  class space    used 9032K, committed 9664K, reserved 1048576K
}
Event: 6173.720 GC heap after
{Heap after GC invocations=88 (full 0):
 garbage-first heap   total 215040K, used 66291K [0x0000000700000000, 0x0000000800000000)
  region size 2048K, 1 young (2048K), 1 survivors (2048K)
 Metaspace       used 82328K, committed 83456K, reserved 1130496K
  class space    used 9032K, committed 9664K, reserved 1048576K
}
Event: 6174.696 GC heap before
{Heap before GC invocations=88 (full 0):
 garbage-first heap   total 215040K, used 183027K [0x0000000700000000, 0x0000000800000000)
  region size 2048K, 59 young (120832K), 1 survivors (2048K)
 Metaspace       used 82421K, committed 83584K, reserved 1130496K
  class space    used 9032K, committed 9664K, reserved 1048576K
}
Event: 6174.700 GC heap after
{Heap after GC invocations=89 (full 0):
 garbage-first heap   total 215040K, used 66255K [0x0000000700000000, 0x0000000800000000)
  region size 2048K, 1 young (2048K), 1 survivors (2048K)
 Metaspace       used 82421K, committed 83584K, reserved 1130496K
  class space    used 9032K, committed 9664K, reserved 1048576K
}
Event: 6666.517 GC heap before
{Heap before GC invocations=89 (full 0):
 garbage-first heap   total 215040K, used 182991K [0x0000000700000000, 0x0000000800000000)
  region size 2048K, 59 young (120832K), 1 survivors (2048K)
 Metaspace       used 82680K, committed 83776K, reserved 1130496K
  class space    used 9051K, committed 9664K, reserved 1048576K
}
Event: 6666.524 GC heap after
{Heap after GC invocations=90 (full 0):
 garbage-first heap   total 215040K, used 66839K [0x0000000700000000, 0x0000000800000000)
  region size 2048K, 1 young (2048K), 1 survivors (2048K)
 Metaspace       used 82680K, committed 83776K, reserved 1130496K
  class space    used 9051K, committed 9664K, reserved 1048576K
}
Event: 6668.961 GC heap before
{Heap before GC invocations=90 (full 0):
 garbage-first heap   total 215040K, used 183575K [0x0000000700000000, 0x0000000800000000)
  region size 2048K, 59 young (120832K), 1 survivors (2048K)
 Metaspace       used 82741K, committed 83840K, reserved 1130496K
  class space    used 9058K, committed 9664K, reserved 1048576K
}
Event: 6668.969 GC heap after
{Heap after GC invocations=91 (full 0):
 garbage-first heap   total 215040K, used 67076K [0x0000000700000000, 0x0000000800000000)
  region size 2048K, 1 young (2048K), 1 survivors (2048K)
 Metaspace       used 82741K, committed 83840K, reserved 1130496K
  class space    used 9058K, committed 9664K, reserved 1048576K
}
Event: 6669.150 GC heap before
{Heap before GC invocations=91 (full 0):
 garbage-first heap   total 215040K, used 183812K [0x0000000700000000, 0x0000000800000000)
  region size 2048K, 59 young (120832K), 1 survivors (2048K)
 Metaspace       used 82741K, committed 83840K, reserved 1130496K
  class space    used 9058K, committed 9664K, reserved 1048576K
}
Event: 6669.153 GC heap after
{Heap after GC invocations=92 (full 0):
 garbage-first heap   total 215040K, used 66943K [0x0000000700000000, 0x0000000800000000)
  region size 2048K, 1 young (2048K), 1 survivors (2048K)
 Metaspace       used 82741K, committed 83840K, reserved 1130496K
  class space    used 9058K, committed 9664K, reserved 1048576K
}
Event: 6670.338 GC heap before
{Heap before GC invocations=92 (full 0):
 garbage-first heap   total 215040K, used 183679K [0x0000000700000000, 0x0000000800000000)
  region size 2048K, 59 young (120832K), 1 survivors (2048K)
 Metaspace       used 82754K, committed 83840K, reserved 1130496K
  class space    used 9058K, committed 9664K, reserved 1048576K
}
Event: 6670.341 GC heap after
{Heap after GC invocations=93 (full 0):
 garbage-first heap   total 215040K, used 66952K [0x0000000700000000, 0x0000000800000000)
  region size 2048K, 1 young (2048K), 1 survivors (2048K)
 Metaspace       used 82754K, committed 83840K, reserved 1130496K
  class space    used 9058K, committed 9664K, reserved 1048576K
}
Event: 7072.663 GC heap before
{Heap before GC invocations=93 (full 0):
 garbage-first heap   total 215040K, used 183688K [0x0000000700000000, 0x0000000800000000)
  region size 2048K, 59 young (120832K), 1 survivors (2048K)
 Metaspace       used 82898K, committed 84032K, reserved 1130496K
  class space    used 9062K, committed 9664K, reserved 1048576K
}
Event: 7072.674 GC heap after
{Heap after GC invocations=94 (full 0):
 garbage-first heap   total 215040K, used 67035K [0x0000000700000000, 0x0000000800000000)
  region size 2048K, 1 young (2048K), 1 survivors (2048K)
 Metaspace       used 82898K, committed 84032K, reserved 1130496K
  class space    used 9062K, committed 9664K, reserved 1048576K
}

