# JRE version: Java(TM) SE Runtime Environment (16.0.2+7) (build 16.0.2+7-67)
# Java VM: Java HotSpot(TM) 64-Bit Server VM (16.0.2+7-67, mixed mode, sharing, tiered, compressed oops, compressed class ptrs, g1 gc, bsd-amd64)
GC Precious Log:
 CPUs: 8 total, 8 available
 Memory: 16384M
 Large Page Support: Disabled
 NUMA Support: Disabled
 Compressed Oops: Enabled (Zero based)
 Heap Region Size: 2M
 Heap Min Capacity: 8M
 Heap Initial Capacity: 256M
 Heap Max Capacity: 4G
 Pre-touch: Disabled
 Parallel Workers: 8
 Concurrent Workers: 2
 Concurrent Refinement Workers: 8
 Periodic GC: Disabled
Heap:
 garbage-first heap   total 337920K, used 67910K [0x0000000700000000, 0x0000000800000000)
  region size 2048K, 6 young (12288K), 1 survivors (2048K)
 Metaspace       used 77996K, committed 78976K, reserved 1122304K
  class space    used 8578K, committed 9088K, reserved 1048576K
GC Heap History (20 events):
Event: 15661.721 GC heap before
{Heap before GC invocations=60 (full 0):
 garbage-first heap   total 337920K, used 303168K [0x0000000700000000, 0x0000000800000000)
  region size 2048K, 99 young (202752K), 2 survivors (4096K)
 Metaspace       used 77360K, committed 78208K, reserved 1122304K
  class space    used 8543K, committed 9024K, reserved 1048576K
}
Event: 15661.735 GC heap after
{Heap after GC invocations=61 (full 0):
 garbage-first heap   total 337920K, used 59940K [0x0000000700000000, 0x0000000800000000)
  region size 2048K, 2 young (4096K), 2 survivors (4096K)
 Metaspace       used 77360K, committed 78208K, reserved 1122304K
  class space    used 8543K, committed 9024K, reserved 1048576K
}
Event: 15946.940 GC heap before
{Heap before GC invocations=61 (full 0):
 garbage-first heap   total 337920K, used 256548K [0x0000000700000000, 0x0000000800000000)
  region size 2048K, 99 young (202752K), 2 survivors (4096K)
 Metaspace       used 77443K, committed 78400K, reserved 1122304K
  class space    used 8546K, committed 9024K, reserved 1048576K
}
Event: 15946.952 GC heap after
{Heap after GC invocations=62 (full 0):
 garbage-first heap   total 337920K, used 60089K [0x0000000700000000, 0x0000000800000000)
  region size 2048K, 2 young (4096K), 2 survivors (4096K)
 Metaspace       used 77443K, committed 78400K, reserved 1122304K
  class space    used 8546K, committed 9024K, reserved 1048576K
}
Event: 16060.851 GC heap before
{Heap before GC invocations=62 (full 0):
 garbage-first heap   total 337920K, used 256697K [0x0000000700000000, 0x0000000800000000)
  region size 2048K, 99 young (202752K), 2 survivors (4096K)
 Metaspace       used 77497K, committed 78400K, reserved 1122304K
  class space    used 8547K, committed 9024K, reserved 1048576K
}
Event: 16060.860 GC heap after
{Heap after GC invocations=63 (full 0):
 garbage-first heap   total 337920K, used 60013K [0x0000000700000000, 0x0000000800000000)
  region size 2048K, 2 young (4096K), 2 survivors (4096K)
 Metaspace       used 77497K, committed 78400K, reserved 1122304K
  class space    used 8547K, committed 9024K, reserved 1048576K
}
Event: 17378.414 GC heap before
{Heap before GC invocations=63 (full 0):
 garbage-first heap   total 337920K, used 258669K [0x0000000700000000, 0x0000000800000000)
  region size 2048K, 99 young (202752K), 2 survivors (4096K)
 Metaspace       used 77671K, committed 78592K, reserved 1122304K
  class space    used 8564K, committed 9088K, reserved 1048576K
}
Event: 17378.429 GC heap after
{Heap after GC invocations=64 (full 0):
 garbage-first heap   total 337920K, used 60036K [0x0000000700000000, 0x0000000800000000)
  region size 2048K, 2 young (4096K), 2 survivors (4096K)
 Metaspace       used 77671K, committed 78592K, reserved 1122304K
  class space    used 8564K, committed 9088K, reserved 1048576K
}
Event: 17859.452 GC heap before
{Heap before GC invocations=64 (full 0):
 garbage-first heap   total 337920K, used 258692K [0x0000000700000000, 0x0000000800000000)
  region size 2048K, 99 young (202752K), 2 survivors (4096K)
 Metaspace       used 77736K, committed 78720K, reserved 1122304K
  class space    used 8564K, committed 9088K, reserved 1048576K
}
Event: 17859.469 GC heap after
{Heap after GC invocations=65 (full 0):
 garbage-first heap   total 337920K, used 60101K [0x0000000700000000, 0x0000000800000000)
  region size 2048K, 2 young (4096K), 2 survivors (4096K)
 Metaspace       used 77736K, committed 78720K, reserved 1122304K
  class space    used 8564K, committed 9088K, reserved 1048576K
}
Event: 18470.172 GC heap before
{Heap before GC invocations=65 (full 0):
 garbage-first heap   total 337920K, used 256709K [0x0000000700000000, 0x0000000800000000)
  region size 2048K, 99 young (202752K), 2 survivors (4096K)
 Metaspace       used 77815K, committed 78784K, reserved 1122304K
  class space    used 8564K, committed 9088K, reserved 1048576K
}
Event: 18470.196 GC heap after
{Heap after GC invocations=66 (full 0):
 garbage-first heap   total 337920K, used 60111K [0x0000000700000000, 0x0000000800000000)
  region size 2048K, 2 young (4096K), 2 survivors (4096K)
 Metaspace       used 77815K, committed 78784K, reserved 1122304K
  class space    used 8564K, committed 9088K, reserved 1048576K
}
Event: 20122.928 GC heap before
{Heap before GC invocations=66 (full 0):
 garbage-first heap   total 337920K, used 258767K [0x0000000700000000, 0x0000000800000000)
  region size 2048K, 99 young (202752K), 2 survivors (4096K)
 Metaspace       used 77904K, committed 78848K, reserved 1122304K
  class space    used 8577K, committed 9088K, reserved 1048576K
}
Event: 20122.946 GC heap after
{Heap after GC invocations=67 (full 0):
 garbage-first heap   total 337920K, used 60104K [0x0000000700000000, 0x0000000800000000)
  region size 2048K, 1 young (2048K), 1 survivors (2048K)
 Metaspace       used 77904K, committed 78848K, reserved 1122304K
  class space    used 8577K, committed 9088K, reserved 1048576K
}
Event: 20127.742 GC heap before
{Heap before GC invocations=67 (full 0):
 garbage-first heap   total 337920K, used 258760K [0x0000000700000000, 0x0000000800000000)
  region size 2048K, 99 young (202752K), 1 survivors (2048K)
 Metaspace       used 77946K, committed 78912K, reserved 1122304K
  class space    used 8578K, committed 9088K, reserved 1048576K
}
Event: 20127.748 GC heap after
{Heap after GC invocations=68 (full 0):
 garbage-first heap   total 337920K, used 59698K [0x0000000700000000, 0x0000000800000000)
  region size 2048K, 1 young (2048K), 1 survivors (2048K)
 Metaspace       used 77946K, committed 78912K, reserved 1122304K
  class space    used 8578K, committed 9088K, reserved 1048576K
}
Event: 20896.856 GC heap before
{Heap before GC invocations=68 (full 0):
 garbage-first heap   total 337920K, used 258354K [0x0000000700000000, 0x0000000800000000)
  region size 2048K, 99 young (202752K), 1 survivors (2048K)
 Metaspace       used 77994K, committed 78976K, reserved 1122304K
  class space    used 8578K, committed 9088K, reserved 1048576K
}
Event: 20896.865 GC heap after
{Heap after GC invocations=69 (full 0):
 garbage-first heap   total 337920K, used 59710K [0x0000000700000000, 0x0000000800000000)
  region size 2048K, 1 young (2048K), 1 survivors (2048K)
 Metaspace       used 77994K, committed 78976K, reserved 1122304K
  class space    used 8578K, committed 9088K, reserved 1048576K
}
Event: 20913.423 GC heap before
{Heap before GC invocations=69 (full 0):
 garbage-first heap   total 337920K, used 260414K [0x0000000700000000, 0x0000000800000000)
  region size 2048K, 99 young (202752K), 1 survivors (2048K)
 Metaspace       used 77996K, committed 78976K, reserved 1122304K
  class space    used 8578K, committed 9088K, reserved 1048576K
}
Event: 20913.428 GC heap after
{Heap after GC invocations=70 (full 0):
 garbage-first heap   total 337920K, used 59718K [0x0000000700000000, 0x0000000800000000)
  region size 2048K, 1 young (2048K), 1 survivors (2048K)
 Metaspace       used 77996K, committed 78976K, reserved 1122304K
  class space    used 8578K, committed 9088K, reserved 1048576K
}

