# JRE version: Java(TM) SE Runtime Environment (16.0.2+7) (build 16.0.2+7-67)
# Java VM: Java HotSpot(TM) 64-Bit Server VM (16.0.2+7-67, mixed mode, sharing, tiered, compressed oops, compressed class ptrs, g1 gc, bsd-amd64)
GC Precious Log:
 CPUs: 8 total, 8 available
 Memory: 16384M
 Large Page Support: Disabled
 NUMA Support: Disabled
 Compressed Oops: Enabled (Zero based)
 Heap Region Size: 2M
 Heap Min Capacity: 8M
 Heap Initial Capacity: 256M
 Heap Max Capacity: 4G
 Pre-touch: Disabled
 Parallel Workers: 8
 Concurrent Workers: 2
 Concurrent Refinement Workers: 8
 Periodic GC: Disabled
Heap:
 garbage-first heap   total 190464K, used 90935K [0x0000000700000000, 0x0000000800000000)
  region size 2048K, 13 young (26624K), 3 survivors (6144K)
 Metaspace       used 80139K, committed 80960K, reserved 1122304K
  class space    used 8721K, committed 9216K, reserved 1048576K
GC Heap History (20 events):
Event: 15.406 GC heap before
{Heap before GC invocations=28 (full 0):
 garbage-first heap   total 157696K, used 122778K [0x0000000700000000, 0x0000000800000000)
  region size 2048K, 35 young (71680K), 3 survivors (6144K)
 Metaspace       used 60302K, committed 60992K, reserved 1105920K
  class space    used 6581K, committed 6976K, reserved 1048576K
}
Event: 15.410 GC heap after
{Heap after GC invocations=29 (full 0):
 garbage-first heap   total 157696K, used 57668K [0x0000000700000000, 0x0000000800000000)
  region size 2048K, 2 young (4096K), 2 survivors (4096K)
 Metaspace       used 60302K, committed 60992K, reserved 1105920K
  class space    used 6581K, committed 6976K, reserved 1048576K
}
Event: 16.518 GC heap before
{Heap before GC invocations=29 (full 0):
 garbage-first heap   total 157696K, used 125252K [0x0000000700000000, 0x0000000800000000)
  region size 2048K, 35 young (71680K), 2 survivors (4096K)
 Metaspace       used 62256K, committed 62912K, reserved 1105920K
  class space    used 6822K, committed 7232K, reserved 1048576K
}
Event: 16.524 GC heap after
{Heap after GC invocations=30 (full 0):
 garbage-first heap   total 157696K, used 62033K [0x0000000700000000, 0x0000000800000000)
  region size 2048K, 4 young (8192K), 4 survivors (8192K)
 Metaspace       used 62256K, committed 62912K, reserved 1105920K
  class space    used 6822K, committed 7232K, reserved 1048576K
}
Event: 17.200 GC heap before
{Heap before GC invocations=30 (full 0):
 garbage-first heap   total 157696K, used 125521K [0x0000000700000000, 0x0000000800000000)
  region size 2048K, 35 young (71680K), 4 survivors (8192K)
 Metaspace       used 66091K, committed 66816K, reserved 1114112K
  class space    used 7278K, committed 7680K, reserved 1048576K
}
Event: 17.206 GC heap after
{Heap after GC invocations=31 (full 0):
 garbage-first heap   total 157696K, used 64186K [0x0000000700000000, 0x0000000800000000)
  region size 2048K, 4 young (8192K), 4 survivors (8192K)
 Metaspace       used 66091K, committed 66816K, reserved 1114112K
  class space    used 7278K, committed 7680K, reserved 1048576K
}
Event: 17.613 GC heap before
{Heap before GC invocations=31 (full 0):
 garbage-first heap   total 157696K, used 127674K [0x0000000700000000, 0x0000000800000000)
  region size 2048K, 35 young (71680K), 4 survivors (8192K)
 Metaspace       used 66235K, committed 67008K, reserved 1114112K
  class space    used 7284K, committed 7744K, reserved 1048576K
}
Event: 17.618 GC heap after
{Heap after GC invocations=32 (full 0):
 garbage-first heap   total 157696K, used 67124K [0x0000000700000000, 0x0000000800000000)
  region size 2048K, 3 young (6144K), 3 survivors (6144K)
 Metaspace       used 66235K, committed 67008K, reserved 1114112K
  class space    used 7284K, committed 7744K, reserved 1048576K
}
Event: 27.509 GC heap before
{Heap before GC invocations=32 (full 0):
 garbage-first heap   total 157696K, used 126516K [0x0000000700000000, 0x0000000800000000)
  region size 2048K, 32 young (65536K), 3 survivors (6144K)
 Metaspace       used 69343K, committed 70080K, reserved 1114112K
  class space    used 7587K, committed 8000K, reserved 1048576K
}
Event: 27.515 GC heap after
{Heap after GC invocations=33 (full 0):
 garbage-first heap   total 157696K, used 67599K [0x0000000700000000, 0x0000000800000000)
  region size 2048K, 2 young (4096K), 2 survivors (4096K)
 Metaspace       used 69343K, committed 70080K, reserved 1114112K
  class space    used 7587K, committed 8000K, reserved 1048576K
}
Event: 28.833 GC heap before
{Heap before GC invocations=33 (full 0):
 garbage-first heap   total 157696K, used 126991K [0x0000000700000000, 0x0000000800000000)
  region size 2048K, 32 young (65536K), 2 survivors (4096K)
 Metaspace       used 73363K, committed 74048K, reserved 1122304K
  class space    used 7998K, committed 8384K, reserved 1048576K
}
Event: 28.835 GC heap after
{Heap after GC invocations=34 (full 0):
 garbage-first heap   total 157696K, used 69482K [0x0000000700000000, 0x0000000800000000)
  region size 2048K, 3 young (6144K), 3 survivors (6144K)
 Metaspace       used 73363K, committed 74048K, reserved 1122304K
  class space    used 7998K, committed 8384K, reserved 1048576K
}
Event: 29.071 GC heap before
{Heap before GC invocations=34 (full 0):
 garbage-first heap   total 157696K, used 128874K [0x0000000700000000, 0x0000000800000000)
  region size 2048K, 32 young (65536K), 3 survivors (6144K)
 Metaspace       used 73635K, committed 74368K, reserved 1122304K
  class space    used 8017K, committed 8448K, reserved 1048576K
}
Event: 29.075 GC heap after
{Heap after GC invocations=35 (full 0):
 garbage-first heap   total 157696K, used 69549K [0x0000000700000000, 0x0000000800000000)
  region size 2048K, 2 young (4096K), 2 survivors (4096K)
 Metaspace       used 73635K, committed 74368K, reserved 1122304K
  class space    used 8017K, committed 8448K, reserved 1048576K
}
Event: 33.732 GC heap before
{Heap before GC invocations=35 (full 0):
 garbage-first heap   total 157696K, used 128941K [0x0000000700000000, 0x0000000800000000)
  region size 2048K, 32 young (65536K), 2 survivors (4096K)
 Metaspace       used 77323K, committed 78016K, reserved 1122304K
  class space    used 8550K, committed 8960K, reserved 1048576K
}
Event: 33.738 GC heap after
{Heap after GC invocations=36 (full 0):
 garbage-first heap   total 190464K, used 70734K [0x0000000700000000, 0x0000000800000000)
  region size 2048K, 3 young (6144K), 3 survivors (6144K)
 Metaspace       used 77323K, committed 78016K, reserved 1122304K
  class space    used 8550K, committed 8960K, reserved 1048576K
}
Event: 34.539 GC heap before
{Heap before GC invocations=36 (full 0):
 garbage-first heap   total 190464K, used 154702K [0x0000000700000000, 0x0000000800000000)
  region size 2048K, 45 young (92160K), 3 survivors (6144K)
 Metaspace       used 78366K, committed 79104K, reserved 1122304K
  class space    used 8623K, committed 9024K, reserved 1048576K
}
Event: 34.545 GC heap after
{Heap after GC invocations=37 (full 0):
 garbage-first heap   total 190464K, used 71787K [0x0000000700000000, 0x0000000800000000)
  region size 2048K, 3 young (6144K), 3 survivors (6144K)
 Metaspace       used 78366K, committed 79104K, reserved 1122304K
  class space    used 8623K, committed 9024K, reserved 1048576K
}
Event: 1896.107 GC heap before
{Heap before GC invocations=37 (full 0):
 garbage-first heap   total 190464K, used 157803K [0x0000000700000000, 0x0000000800000000)
  region size 2048K, 45 young (92160K), 3 survivors (6144K)
 Metaspace       used 79698K, committed 80512K, reserved 1122304K
  class space    used 8686K, committed 9152K, reserved 1048576K
}
Event: 1896.132 GC heap after
{Heap after GC invocations=38 (full 0):
 garbage-first heap   total 190464K, used 72503K [0x0000000700000000, 0x0000000800000000)
  region size 2048K, 3 young (6144K), 3 survivors (6144K)
 Metaspace       used 79698K, committed 80512K, reserved 1122304K
  class space    used 8686K, committed 9152K, reserved 1048576K
}

