# JRE version: Java(TM) SE Runtime Environment (16.0.2+7) (build 16.0.2+7-67)
# Java VM: Java HotSpot(TM) 64-Bit Server VM (16.0.2+7-67, mixed mode, sharing, tiered, compressed oops, compressed class ptrs, g1 gc, bsd-amd64)
GC Precious Log:
 CPUs: 8 total, 8 available
 Memory: 16384M
 Large Page Support: Disabled
 NUMA Support: Disabled
 Compressed Oops: Enabled (Zero based)
 Heap Region Size: 2M
 Heap Min Capacity: 8M
 Heap Initial Capacity: 256M
 Heap Max Capacity: 4G
 Pre-touch: Disabled
 Parallel Workers: 8
 Concurrent Workers: 2
 Concurrent Refinement Workers: 8
 Periodic GC: Disabled
Heap:
 garbage-first heap   total 288768K, used 137767K [0x0000000700000000, 0x0000000800000000)
  region size 2048K, 41 young (83968K), 1 survivors (2048K)
 Metaspace       used 74662K, committed 75648K, reserved 1122304K
  class space    used 8364K, committed 8896K, reserved 1048576K
GC Heap History (20 events):
Event: 34.744 GC heap before
{Heap before GC invocations=39 (full 0):
 garbage-first heap   total 198656K, used 165406K [0x0000000700000000, 0x0000000800000000)
  region size 2048K, 57 young (116736K), 3 survivors (6144K)
 Metaspace       used 73433K, committed 74304K, reserved 1114112K
  class space    used 8295K, committed 8768K, reserved 1048576K
}
Event: 34.751 GC heap after
{Heap after GC invocations=40 (full 0):
 garbage-first heap   total 198656K, used 57028K [0x0000000700000000, 0x0000000800000000)
  region size 2048K, 4 young (8192K), 4 survivors (8192K)
 Metaspace       used 73433K, committed 74304K, reserved 1114112K
  class space    used 8295K, committed 8768K, reserved 1048576K
}
Event: 35.053 GC heap before
{Heap before GC invocations=40 (full 0):
 garbage-first heap   total 198656K, used 163524K [0x0000000700000000, 0x0000000800000000)
  region size 2048K, 56 young (114688K), 4 survivors (8192K)
 Metaspace       used 73485K, committed 74368K, reserved 1122304K
  class space    used 8307K, committed 8768K, reserved 1048576K
}
Event: 35.056 GC heap after
{Heap after GC invocations=41 (full 0):
 garbage-first heap   total 198656K, used 56848K [0x0000000700000000, 0x0000000800000000)
  region size 2048K, 3 young (6144K), 3 survivors (6144K)
 Metaspace       used 73485K, committed 74368K, reserved 1122304K
  class space    used 8307K, committed 8768K, reserved 1048576K
}
Event: 35.323 GC heap before
{Heap before GC invocations=41 (full 0):
 garbage-first heap   total 198656K, used 167440K [0x0000000700000000, 0x0000000800000000)
  region size 2048K, 57 young (116736K), 3 survivors (6144K)
 Metaspace       used 73494K, committed 74368K, reserved 1122304K
  class space    used 8307K, committed 8768K, reserved 1048576K
}
Event: 35.328 GC heap after
{Heap after GC invocations=42 (full 0):
 garbage-first heap   total 239616K, used 57209K [0x0000000700000000, 0x0000000800000000)
  region size 2048K, 4 young (8192K), 4 survivors (8192K)
 Metaspace       used 73494K, committed 74368K, reserved 1122304K
  class space    used 8307K, committed 8768K, reserved 1048576K
}
Event: 35.777 GC heap before
{Heap before GC invocations=42 (full 0):
 garbage-first heap   total 239616K, used 192377K [0x0000000700000000, 0x0000000800000000)
  region size 2048K, 70 young (143360K), 4 survivors (8192K)
 Metaspace       used 73558K, committed 74432K, reserved 1122304K
  class space    used 8313K, committed 8768K, reserved 1048576K
}
Event: 35.781 GC heap after
{Heap after GC invocations=43 (full 0):
 garbage-first heap   total 239616K, used 57179K [0x0000000700000000, 0x0000000800000000)
  region size 2048K, 4 young (8192K), 4 survivors (8192K)
 Metaspace       used 73558K, committed 74432K, reserved 1122304K
  class space    used 8313K, committed 8768K, reserved 1048576K
}
Event: 38.526 GC heap before
{Heap before GC invocations=43 (full 0):
 garbage-first heap   total 239616K, used 190299K [0x0000000700000000, 0x0000000800000000)
  region size 2048K, 70 young (143360K), 4 survivors (8192K)
 Metaspace       used 73766K, committed 74688K, reserved 1122304K
  class space    used 8328K, committed 8832K, reserved 1048576K
}
Event: 38.533 GC heap after
{Heap after GC invocations=44 (full 0):
 garbage-first heap   total 239616K, used 57430K [0x0000000700000000, 0x0000000800000000)
  region size 2048K, 3 young (6144K), 3 survivors (6144K)
 Metaspace       used 73766K, committed 74688K, reserved 1122304K
  class space    used 8328K, committed 8832K, reserved 1048576K
}
Event: 38.735 GC heap before
{Heap before GC invocations=44 (full 0):
 garbage-first heap   total 239616K, used 192598K [0x0000000700000000, 0x0000000800000000)
  region size 2048K, 70 young (143360K), 3 survivors (6144K)
 Metaspace       used 73783K, committed 74688K, reserved 1122304K
  class space    used 8328K, committed 8832K, reserved 1048576K
}
Event: 38.740 GC heap after
{Heap after GC invocations=45 (full 0):
 garbage-first heap   total 239616K, used 57413K [0x0000000700000000, 0x0000000800000000)
  region size 2048K, 3 young (6144K), 3 survivors (6144K)
 Metaspace       used 73783K, committed 74688K, reserved 1122304K
  class space    used 8328K, committed 8832K, reserved 1048576K
}
Event: 39.039 GC heap before
{Heap before GC invocations=45 (full 0):
 garbage-first heap   total 239616K, used 192581K [0x0000000700000000, 0x0000000800000000)
  region size 2048K, 70 young (143360K), 3 survivors (6144K)
 Metaspace       used 73843K, committed 74816K, reserved 1122304K
  class space    used 8328K, committed 8832K, reserved 1048576K
}
Event: 39.045 GC heap after
{Heap after GC invocations=46 (full 0):
 garbage-first heap   total 239616K, used 57208K [0x0000000700000000, 0x0000000800000000)
  region size 2048K, 2 young (4096K), 2 survivors (4096K)
 Metaspace       used 73843K, committed 74816K, reserved 1122304K
  class space    used 8328K, committed 8832K, reserved 1048576K
}
Event: 39.335 GC heap before
{Heap before GC invocations=46 (full 0):
 garbage-first heap   total 239616K, used 196472K [0x0000000700000000, 0x0000000800000000)
  region size 2048K, 70 young (143360K), 2 survivors (4096K)
 Metaspace       used 73857K, committed 74816K, reserved 1122304K
  class space    used 8328K, committed 8832K, reserved 1048576K
}
Event: 39.341 GC heap after
{Heap after GC invocations=47 (full 0):
 garbage-first heap   total 239616K, used 57211K [0x0000000700000000, 0x0000000800000000)
  region size 2048K, 1 young (2048K), 1 survivors (2048K)
 Metaspace       used 73857K, committed 74816K, reserved 1122304K
  class space    used 8328K, committed 8832K, reserved 1048576K
}
Event: 96.414 GC heap before
{Heap before GC invocations=47 (full 0):
 garbage-first heap   total 239616K, used 198523K [0x0000000700000000, 0x0000000800000000)
  region size 2048K, 70 young (143360K), 1 survivors (2048K)
 Metaspace       used 73997K, committed 74880K, reserved 1122304K
  class space    used 8330K, committed 8832K, reserved 1048576K
}
Event: 96.426 GC heap after
{Heap after GC invocations=48 (full 0):
 garbage-first heap   total 288768K, used 57213K [0x0000000700000000, 0x0000000800000000)
  region size 2048K, 1 young (2048K), 1 survivors (2048K)
 Metaspace       used 73997K, committed 74880K, reserved 1122304K
  class space    used 8330K, committed 8832K, reserved 1048576K
}
Event: 309.539 GC heap before
{Heap before GC invocations=48 (full 0):
 garbage-first heap   total 288768K, used 225149K [0x0000000700000000, 0x0000000800000000)
  region size 2048K, 84 young (172032K), 1 survivors (2048K)
 Metaspace       used 74434K, committed 75328K, reserved 1122304K
  class space    used 8342K, committed 8832K, reserved 1048576K
}
Event: 309.557 GC heap after
{Heap after GC invocations=49 (full 0):
 garbage-first heap   total 288768K, used 57895K [0x0000000700000000, 0x0000000800000000)
  region size 2048K, 1 young (2048K), 1 survivors (2048K)
 Metaspace       used 74434K, committed 75328K, reserved 1122304K
  class space    used 8342K, committed 8832K, reserved 1048576K
}

