# JRE version: Java(TM) SE Runtime Environment (16.0.2+7) (build 16.0.2+7-67)
# Java VM: Java HotSpot(TM) 64-Bit Server VM (16.0.2+7-67, mixed mode, sharing, tiered, compressed oops, compressed class ptrs, g1 gc, bsd-amd64)
GC Precious Log:
 CPUs: 8 total, 8 available
 Memory: 16384M
 Large Page Support: Disabled
 NUMA Support: Disabled
 Compressed Oops: Enabled (Zero based)
 Heap Region Size: 2M
 Heap Min Capacity: 8M
 Heap Initial Capacity: 256M
 Heap Max Capacity: 4G
 Pre-touch: Disabled
 Parallel Workers: 8
 Concurrent Workers: 2
 Concurrent Refinement Workers: 8
 Periodic GC: Disabled
Heap:
 garbage-first heap   total 161792K, used 87792K [0x0000000700000000, 0x0000000800000000)
  region size 2048K, 10 young (20480K), 1 survivors (2048K)
 Metaspace       used 80554K, committed 81344K, reserved 1122304K
  class space    used 8823K, committed 9280K, reserved 1048576K
GC Heap History (20 events):
Event: 35.948 GC heap before
{Heap before GC invocations=32 (full 0):
 garbage-first heap   total 157696K, used 128334K [0x0000000700000000, 0x0000000800000000)
  region size 2048K, 32 young (65536K), 3 survivors (6144K)
 Metaspace       used 70628K, committed 71296K, reserved 1114112K
  class space    used 7752K, committed 8128K, reserved 1048576K
}
Event: 35.954 GC heap after
{Heap after GC invocations=33 (full 0):
 garbage-first heap   total 157696K, used 69886K [0x0000000700000000, 0x0000000800000000)
  region size 2048K, 3 young (6144K), 3 survivors (6144K)
 Metaspace       used 70628K, committed 71296K, reserved 1114112K
  class space    used 7752K, committed 8128K, reserved 1048576K
}
Event: 37.037 GC heap before
{Heap before GC invocations=33 (full 0):
 garbage-first heap   total 157696K, used 125182K [0x0000000700000000, 0x0000000800000000)
  region size 2048K, 31 young (63488K), 3 survivors (6144K)
 Metaspace       used 73401K, committed 74048K, reserved 1122304K
  class space    used 8008K, committed 8384K, reserved 1048576K
}
Event: 37.041 GC heap after
{Heap after GC invocations=34 (full 0):
 garbage-first heap   total 157696K, used 71162K [0x0000000700000000, 0x0000000800000000)
  region size 2048K, 3 young (6144K), 3 survivors (6144K)
 Metaspace       used 73401K, committed 74048K, reserved 1122304K
  class space    used 8008K, committed 8384K, reserved 1048576K
}
Event: 37.310 GC heap before
{Heap before GC invocations=34 (full 0):
 garbage-first heap   total 157696K, used 128506K [0x0000000700000000, 0x0000000800000000)
  region size 2048K, 31 young (63488K), 3 survivors (6144K)
 Metaspace       used 73642K, committed 74432K, reserved 1122304K
  class space    used 8026K, committed 8448K, reserved 1048576K
}
Event: 37.315 GC heap after
{Heap after GC invocations=35 (full 0):
 garbage-first heap   total 157696K, used 71262K [0x0000000700000000, 0x0000000800000000)
  region size 2048K, 2 young (4096K), 2 survivors (4096K)
 Metaspace       used 73642K, committed 74432K, reserved 1122304K
  class space    used 8026K, committed 8448K, reserved 1048576K
}
Event: 44.036 GC heap before
{Heap before GC invocations=35 (full 0):
 garbage-first heap   total 157696K, used 130654K [0x0000000700000000, 0x0000000800000000)
  region size 2048K, 31 young (63488K), 2 survivors (4096K)
 Metaspace       used 76512K, committed 77248K, reserved 1122304K
  class space    used 8357K, committed 8768K, reserved 1048576K
}
Event: 44.043 GC heap after
{Heap after GC invocations=36 (full 0):
 garbage-first heap   total 157696K, used 75252K [0x0000000700000000, 0x0000000800000000)
  region size 2048K, 4 young (8192K), 4 survivors (8192K)
 Metaspace       used 76512K, committed 77248K, reserved 1122304K
  class space    used 8357K, committed 8768K, reserved 1048576K
}
Event: 45.141 GC heap before
{Heap before GC invocations=37 (full 0):
 garbage-first heap   total 157696K, used 128500K [0x0000000700000000, 0x0000000800000000)
  region size 2048K, 30 young (61440K), 4 survivors (8192K)
 Metaspace       used 78618K, committed 79360K, reserved 1122304K
  class space    used 8697K, committed 9088K, reserved 1048576K
}
Event: 45.152 GC heap after
{Heap after GC invocations=38 (full 0):
 garbage-first heap   total 157696K, used 76888K [0x0000000700000000, 0x0000000800000000)
  region size 2048K, 1 young (2048K), 1 survivors (2048K)
 Metaspace       used 78618K, committed 79360K, reserved 1122304K
  class space    used 8697K, committed 9088K, reserved 1048576K
}
Event: 45.171 GC heap before
{Heap before GC invocations=38 (full 0):
 garbage-first heap   total 157696K, used 78936K [0x0000000700000000, 0x0000000800000000)
  region size 2048K, 3 young (6144K), 1 survivors (2048K)
 Metaspace       used 78631K, committed 79360K, reserved 1122304K
  class space    used 8697K, committed 9088K, reserved 1048576K
}
Event: 45.191 GC heap after
{Heap after GC invocations=39 (full 0):
 garbage-first heap   total 157696K, used 70504K [0x0000000700000000, 0x0000000800000000)
  region size 2048K, 1 young (2048K), 1 survivors (2048K)
 Metaspace       used 78631K, committed 79360K, reserved 1122304K
  class space    used 8697K, committed 9088K, reserved 1048576K
}
Event: 45.330 GC heap before
{Heap before GC invocations=39 (full 0):
 garbage-first heap   total 157696K, used 127848K [0x0000000700000000, 0x0000000800000000)
  region size 2048K, 29 young (59392K), 1 survivors (2048K)
 Metaspace       used 78637K, committed 79360K, reserved 1122304K
  class space    used 8697K, committed 9088K, reserved 1048576K
}
Event: 45.333 GC heap after
{Heap after GC invocations=40 (full 0):
 garbage-first heap   total 157696K, used 70363K [0x0000000700000000, 0x0000000800000000)
  region size 2048K, 1 young (2048K), 1 survivors (2048K)
 Metaspace       used 78637K, committed 79360K, reserved 1122304K
  class space    used 8697K, committed 9088K, reserved 1048576K
}
Event: 46.463 GC heap before
{Heap before GC invocations=41 (full 0):
 garbage-first heap   total 157696K, used 129755K [0x0000000700000000, 0x0000000800000000)
  region size 2048K, 30 young (61440K), 1 survivors (2048K)
 Metaspace       used 79287K, committed 80128K, reserved 1122304K
  class space    used 8760K, committed 9216K, reserved 1048576K
}
Event: 46.467 GC heap after
{Heap after GC invocations=42 (full 0):
 garbage-first heap   total 157696K, used 71218K [0x0000000700000000, 0x0000000800000000)
  region size 2048K, 1 young (2048K), 1 survivors (2048K)
 Metaspace       used 79287K, committed 80128K, reserved 1122304K
  class space    used 8760K, committed 9216K, reserved 1048576K
}
Event: 46.604 GC heap before
{Heap before GC invocations=42 (full 0):
 garbage-first heap   total 157696K, used 128562K [0x0000000700000000, 0x0000000800000000)
  region size 2048K, 30 young (61440K), 1 survivors (2048K)
 Metaspace       used 79300K, committed 80128K, reserved 1122304K
  class space    used 8760K, committed 9216K, reserved 1048576K
}
Event: 46.605 GC heap after
{Heap after GC invocations=43 (full 0):
 garbage-first heap   total 157696K, used 71302K [0x0000000700000000, 0x0000000800000000)
  region size 2048K, 1 young (2048K), 1 survivors (2048K)
 Metaspace       used 79300K, committed 80128K, reserved 1122304K
  class space    used 8760K, committed 9216K, reserved 1048576K
}
Event: 470.547 GC heap before
{Heap before GC invocations=44 (full 0):
 garbage-first heap   total 161792K, used 130694K [0x0000000700000000, 0x0000000800000000)
  region size 2048K, 30 young (61440K), 1 survivors (2048K)
 Metaspace       used 80065K, committed 80832K, reserved 1122304K
  class space    used 8798K, committed 9216K, reserved 1048576K
}
Event: 470.553 GC heap after
{Heap after GC invocations=45 (full 0):
 garbage-first heap   total 161792K, used 71408K [0x0000000700000000, 0x0000000800000000)
  region size 2048K, 1 young (2048K), 1 survivors (2048K)
 Metaspace       used 80065K, committed 80832K, reserved 1122304K
  class space    used 8798K, committed 9216K, reserved 1048576K
}

