# JRE version: Java(TM) SE Runtime Environment (16.0.2+7) (build 16.0.2+7-67)
# Java VM: Java HotSpot(TM) 64-Bit Server VM (16.0.2+7-67, mixed mode, sharing, tiered, compressed oops, compressed class ptrs, g1 gc, bsd-amd64)
GC Precious Log:
 CPUs: 8 total, 8 available
 Memory: 16384M
 Large Page Support: Disabled
 NUMA Support: Disabled
 Compressed Oops: Enabled (Zero based)
 Heap Region Size: 2M
 Heap Min Capacity: 8M
 Heap Initial Capacity: 256M
 Heap Max Capacity: 4G
 Pre-touch: Disabled
 Parallel Workers: 8
 Concurrent Workers: 2
 Concurrent Refinement Workers: 8
 Periodic GC: Disabled
Heap:
 garbage-first heap   total 159744K, used 123397K [0x0000000700000000, 0x0000000800000000)
  region size 2048K, 37 young (75776K), 3 survivors (6144K)
 Metaspace       used 71632K, committed 72320K, reserved 1114112K
  class space    used 8138K, committed 8512K, reserved 1048576K
GC Heap History (20 events):
Event: 13.719 GC heap before
{Heap before GC invocations=25 (full 0):
 garbage-first heap   total 133120K, used 103922K [0x0000000700000000, 0x0000000800000000)
  region size 2048K, 33 young (67584K), 5 survivors (10240K)
 Metaspace       used 57962K, committed 58496K, reserved 1105920K
  class space    used 6685K, committed 6976K, reserved 1048576K
}
Event: 13.727 GC heap after
{Heap after GC invocations=26 (full 0):
 garbage-first heap   total 133120K, used 47944K [0x0000000700000000, 0x0000000800000000)
  region size 2048K, 4 young (8192K), 4 survivors (8192K)
 Metaspace       used 57962K, committed 58496K, reserved 1105920K
  class space    used 6685K, committed 6976K, reserved 1048576K
}
Event: 19.510 GC heap before
{Heap before GC invocations=26 (full 0):
 garbage-first heap   total 133120K, used 101192K [0x0000000700000000, 0x0000000800000000)
  region size 2048K, 31 young (63488K), 4 survivors (8192K)
 Metaspace       used 58948K, committed 59520K, reserved 1105920K
  class space    used 6779K, committed 7104K, reserved 1048576K
}
Event: 19.519 GC heap after
{Heap after GC invocations=27 (full 0):
 garbage-first heap   total 133120K, used 48600K [0x0000000700000000, 0x0000000800000000)
  region size 2048K, 2 young (4096K), 2 survivors (4096K)
 Metaspace       used 58948K, committed 59520K, reserved 1105920K
  class space    used 6779K, committed 7104K, reserved 1048576K
}
Event: 21.079 GC heap before
{Heap before GC invocations=28 (full 0):
 garbage-first heap   total 133120K, used 105944K [0x0000000700000000, 0x0000000800000000)
  region size 2048K, 31 young (63488K), 2 survivors (4096K)
 Metaspace       used 63808K, committed 64320K, reserved 1105920K
  class space    used 7313K, committed 7616K, reserved 1048576K
}
Event: 21.083 GC heap after
{Heap after GC invocations=29 (full 0):
 garbage-first heap   total 133120K, used 50145K [0x0000000700000000, 0x0000000800000000)
  region size 2048K, 2 young (4096K), 2 survivors (4096K)
 Metaspace       used 63808K, committed 64320K, reserved 1105920K
  class space    used 7313K, committed 7616K, reserved 1048576K
}
Event: 21.439 GC heap before
{Heap before GC invocations=29 (full 0):
 garbage-first heap   total 133120K, used 107489K [0x0000000700000000, 0x0000000800000000)
  region size 2048K, 30 young (61440K), 2 survivors (4096K)
 Metaspace       used 64295K, committed 64960K, reserved 1114112K
  class space    used 7334K, committed 7680K, reserved 1048576K
}
Event: 21.445 GC heap after
{Heap after GC invocations=30 (full 0):
 garbage-first heap   total 133120K, used 50267K [0x0000000700000000, 0x0000000800000000)
  region size 2048K, 3 young (6144K), 3 survivors (6144K)
 Metaspace       used 64295K, committed 64960K, reserved 1114112K
  class space    used 7334K, committed 7680K, reserved 1048576K
}
Event: 21.619 GC heap before
{Heap before GC invocations=30 (full 0):
 garbage-first heap   total 133120K, used 107611K [0x0000000700000000, 0x0000000800000000)
  region size 2048K, 31 young (63488K), 3 survivors (6144K)
 Metaspace       used 64303K, committed 64960K, reserved 1114112K
  class space    used 7334K, committed 7680K, reserved 1048576K
}
Event: 21.624 GC heap after
{Heap after GC invocations=31 (full 0):
 garbage-first heap   total 133120K, used 50273K [0x0000000700000000, 0x0000000800000000)
  region size 2048K, 3 young (6144K), 3 survivors (6144K)
 Metaspace       used 64303K, committed 64960K, reserved 1114112K
  class space    used 7334K, committed 7680K, reserved 1048576K
}
Event: 26.789 GC heap before
{Heap before GC invocations=31 (full 0):
 garbage-first heap   total 133120K, used 107617K [0x0000000700000000, 0x0000000800000000)
  region size 2048K, 31 young (63488K), 3 survivors (6144K)
 Metaspace       used 69067K, committed 69632K, reserved 1114112K
  class space    used 7966K, committed 8256K, reserved 1048576K
}
Event: 26.795 GC heap after
{Heap after GC invocations=32 (full 0):
 garbage-first heap   total 159744K, used 53106K [0x0000000700000000, 0x0000000800000000)
  region size 2048K, 4 young (8192K), 4 survivors (8192K)
 Metaspace       used 69067K, committed 69632K, reserved 1114112K
  class space    used 7966K, committed 8256K, reserved 1048576K
}
Event: 27.589 GC heap before
{Heap before GC invocations=32 (full 0):
 garbage-first heap   total 159744K, used 128882K [0x0000000700000000, 0x0000000800000000)
  region size 2048K, 42 young (86016K), 4 survivors (8192K)
 Metaspace       used 70348K, committed 70976K, reserved 1114112K
  class space    used 8071K, committed 8384K, reserved 1048576K
}
Event: 27.601 GC heap after
{Heap after GC invocations=33 (full 0):
 garbage-first heap   total 159744K, used 55055K [0x0000000700000000, 0x0000000800000000)
  region size 2048K, 4 young (8192K), 4 survivors (8192K)
 Metaspace       used 70348K, committed 70976K, reserved 1114112K
  class space    used 8071K, committed 8384K, reserved 1048576K
}
Event: 27.908 GC heap before
{Heap before GC invocations=33 (full 0):
 garbage-first heap   total 159744K, used 128783K [0x0000000700000000, 0x0000000800000000)
  region size 2048K, 41 young (83968K), 4 survivors (8192K)
 Metaspace       used 70494K, committed 71104K, reserved 1114112K
  class space    used 8079K, committed 8384K, reserved 1048576K
}
Event: 27.914 GC heap after
{Heap after GC invocations=34 (full 0):
 garbage-first heap   total 159744K, used 55448K [0x0000000700000000, 0x0000000800000000)
  region size 2048K, 3 young (6144K), 3 survivors (6144K)
 Metaspace       used 70494K, committed 71104K, reserved 1114112K
  class space    used 8079K, committed 8384K, reserved 1048576K
}
Event: 326.679 GC heap before
{Heap before GC invocations=34 (full 0):
 garbage-first heap   total 159744K, used 129176K [0x0000000700000000, 0x0000000800000000)
  region size 2048K, 40 young (81920K), 3 survivors (6144K)
 Metaspace       used 71580K, committed 72320K, reserved 1114112K
  class space    used 8137K, committed 8512K, reserved 1048576K
}
Event: 326.720 GC heap after
{Heap after GC invocations=35 (full 0):
 garbage-first heap   total 159744K, used 55797K [0x0000000700000000, 0x0000000800000000)
  region size 2048K, 3 young (6144K), 3 survivors (6144K)
 Metaspace       used 71580K, committed 72320K, reserved 1114112K
  class space    used 8137K, committed 8512K, reserved 1048576K
}
Event: 326.947 GC heap before
{Heap before GC invocations=35 (full 0):
 garbage-first heap   total 159744K, used 131573K [0x0000000700000000, 0x0000000800000000)
  region size 2048K, 41 young (83968K), 3 survivors (6144K)
 Metaspace       used 71604K, committed 72320K, reserved 1114112K
  class space    used 8138K, committed 8512K, reserved 1048576K
}
Event: 326.950 GC heap after
{Heap after GC invocations=36 (full 0):
 garbage-first heap   total 159744K, used 55813K [0x0000000700000000, 0x0000000800000000)
  region size 2048K, 3 young (6144K), 3 survivors (6144K)
 Metaspace       used 71604K, committed 72320K, reserved 1114112K
  class space    used 8138K, committed 8512K, reserved 1048576K
}

